This is pdfTeX, Version 3.14159265-2.6-1.40.18 (TeX Live 2017) (preloaded format=pdflatex 2017.8.12)  6 FEB 2020 23:56
entering extended mode
 restricted \write18 enabled.
 file:line:error style messages enabled.
 %&-line parsing enabled.
**DP_rfME_main.tex
(./DP_rfME_main.tex
LaTeX2e <2017-04-15>
Babel <3.10> and hyphenation patterns for 84 language(s) loaded.
(/usr/local/texlive/2017/texmf-dist/tex/latex/base/article.cls
Document Class: article 2014/09/29 v1.4h Standard LaTeX document class
(/usr/local/texlive/2017/texmf-dist/tex/latex/base/size10.clo
File: size10.clo 2014/09/29 v1.4h Standard LaTeX file (size option)
)
\c@part=\count79
\c@section=\count80
\c@subsection=\count81
\c@subsubsection=\count82
\c@paragraph=\count83
\c@subparagraph=\count84
\c@figure=\count85
\c@table=\count86
\abovecaptionskip=\skip41
\belowcaptionskip=\skip42
\bibindent=\dimen102
)
(/usr/local/texlive/2017/texmf-dist/tex/latex/bbm-macros/bbm.sty
Package: bbm 1999/03/15 V 1.2 provides fonts for set symbols - TH
LaTeX Font Info:    Overwriting math alphabet `\mathbbm' in version `bold'
(Font)                  U/bbm/m/n --> U/bbm/bx/n on input line 33.
LaTeX Font Info:    Overwriting math alphabet `\mathbbmss' in version `bold'
(Font)                  U/bbmss/m/n --> U/bbmss/bx/n on input line 35.
)
(/usr/local/texlive/2017/texmf-dist/tex/latex/tools/bm.sty
Package: bm 2017/01/16 v1.2c Bold Symbol Support (DPC/FMi)
\symboldoperators=\mathgroup4
\symboldletters=\mathgroup5
\symboldsymbols=\mathgroup6
LaTeX Font Info:    Redeclaring math alphabet \mathbf on input line 141.
LaTeX Info: Redefining \bm on input line 207.
)
(/usr/local/texlive/2017/texmf-dist/tex/latex/amsmath/amsbsy.sty
Package: amsbsy 1999/11/29 v1.2d Bold Symbols

(/usr/local/texlive/2017/texmf-dist/tex/latex/amsmath/amsgen.sty
File: amsgen.sty 1999/11/30 v2.0 generic functions
\@emptytoks=\toks14
\ex@=\dimen103
)
LaTeX Info: Redefining \boldsymbol on input line 28.
\pmbraise@=\dimen104
)
(/usr/local/texlive/2017/texmf-dist/tex/latex/amsfonts/amsfonts.sty
Package: amsfonts 2013/01/14 v3.01 Basic AMSFonts support
\symAMSa=\mathgroup7
\symAMSb=\mathgroup8
LaTeX Font Info:    Overwriting math alphabet `\mathfrak' in version `bold'
(Font)                  U/euf/m/n --> U/euf/b/n on input line 106.
)
(/usr/local/texlive/2017/texmf-dist/tex/latex/amsmath/amsmath.sty
Package: amsmath 2016/11/05 v2.16a AMS math features
\@mathmargin=\skip43

For additional information on amsmath, use the `?' option.
(/usr/local/texlive/2017/texmf-dist/tex/latex/amsmath/amstext.sty
Package: amstext 2000/06/29 v2.01 AMS text
)
(/usr/local/texlive/2017/texmf-dist/tex/latex/amsmath/amsopn.sty
Package: amsopn 2016/03/08 v2.02 operator names
)
\inf@bad=\count87
LaTeX Info: Redefining \frac on input line 213.
\uproot@=\count88
\leftroot@=\count89
LaTeX Info: Redefining \overline on input line 375.
\classnum@=\count90
\DOTSCASE@=\count91
LaTeX Info: Redefining \ldots on input line 472.
LaTeX Info: Redefining \dots on input line 475.
LaTeX Info: Redefining \cdots on input line 596.
\Mathstrutbox@=\box26
\strutbox@=\box27
\big@size=\dimen105
LaTeX Font Info:    Redeclaring font encoding OML on input line 712.
LaTeX Font Info:    Redeclaring font encoding OMS on input line 713.
\macc@depth=\count92
\c@MaxMatrixCols=\count93
\dotsspace@=\muskip10
\c@parentequation=\count94
\dspbrk@lvl=\count95
\tag@help=\toks15
\row@=\count96
\column@=\count97
\maxfields@=\count98
\andhelp@=\toks16
\eqnshift@=\dimen106
\alignsep@=\dimen107
\tagshift@=\dimen108
\tagwidth@=\dimen109
\totwidth@=\dimen110
\lineht@=\dimen111
\@envbody=\toks17
\multlinegap=\skip44
\multlinetaggap=\skip45
\mathdisplay@stack=\toks18
LaTeX Info: Redefining \[ on input line 2817.
LaTeX Info: Redefining \] on input line 2818.
)
(/usr/local/texlive/2017/texmf-dist/tex/latex/amsfonts/amssymb.sty
Package: amssymb 2013/01/14 v3.01 AMS font symbols
)
(/usr/local/texlive/2017/texmf-dist/tex/latex/amscls/amsthm.sty
Package: amsthm 2015/03/04 v2.20.2
\thm@style=\toks19
\thm@bodyfont=\toks20
\thm@headfont=\toks21
\thm@notefont=\toks22
\thm@headpunct=\toks23
\thm@preskip=\skip46
\thm@postskip=\skip47
\thm@headsep=\skip48
\dth@everypar=\toks24
)
(/usr/local/texlive/2017/texmf-dist/tex/latex/mathtools/mathtools.sty
Package: mathtools 2015/11/12 v1.18 mathematical typesetting tools

(/usr/local/texlive/2017/texmf-dist/tex/latex/graphics/keyval.sty
Package: keyval 2014/10/28 v1.15 key=value parser (DPC)
\KV@toks@=\toks25
)
(/usr/local/texlive/2017/texmf-dist/tex/latex/tools/calc.sty
Package: calc 2014/10/28 v4.3 Infix arithmetic (KKT,FJ)
\calc@Acount=\count99
\calc@Bcount=\count100
\calc@Adimen=\dimen112
\calc@Bdimen=\dimen113
\calc@Askip=\skip49
\calc@Bskip=\skip50
LaTeX Info: Redefining \setlength on input line 80.
LaTeX Info: Redefining \addtolength on input line 81.
\calc@Ccount=\count101
\calc@Cskip=\skip51
)
(/usr/local/texlive/2017/texmf-dist/tex/latex/mathtools/mhsetup.sty
Package: mhsetup 2010/01/21 v1.2a programming setup (MH)
)
LaTeX Info: Thecontrolsequence`\('isalreadyrobust on input line 129.
LaTeX Info: Thecontrolsequence`\)'isalreadyrobust on input line 129.
LaTeX Info: Thecontrolsequence`\['isalreadyrobust on input line 129.
LaTeX Info: Thecontrolsequence`\]'isalreadyrobust on input line 129.
\g_MT_multlinerow_int=\count102
\l_MT_multwidth_dim=\dimen114
\origjot=\skip52
\l_MT_shortvdotswithinadjustabove_dim=\dimen115
\l_MT_shortvdotswithinadjustbelow_dim=\dimen116
\l_MT_above_intertext_sep=\dimen117
\l_MT_below_intertext_sep=\dimen118
\l_MT_above_shortintertext_sep=\dimen119
\l_MT_below_shortintertext_sep=\dimen120
)
(/usr/local/texlive/2017/texmf-dist/tex/latex/microtype/microtype.sty
Package: microtype 2016/05/14 v2.6a Micro-typographical refinements (RS)
\MT@toks=\toks26
\MT@count=\count103
LaTeX Info: Redefining \textls on input line 774.
\MT@outer@kern=\dimen121
LaTeX Info: Redefining \textmicrotypecontext on input line 1310.
\MT@listname@count=\count104

(/usr/local/texlive/2017/texmf-dist/tex/latex/microtype/microtype-pdftex.def
File: microtype-pdftex.def 2016/05/14 v2.6a Definitions specific to pdftex (RS)

LaTeX Info: Redefining \lsstyle on input line 916.
LaTeX Info: Redefining \lslig on input line 916.
\MT@outer@space=\skip53
)
Package microtype Info: Loading configuration file microtype.cfg.

(/usr/local/texlive/2017/texmf-dist/tex/latex/microtype/microtype.cfg
File: microtype.cfg 2016/05/14 v2.6a microtype main configuration file (RS)
))
(/usr/local/texlive/2017/texmf-dist/tex/latex/graphics/graphicx.sty
Package: graphicx 2014/10/28 v1.0g Enhanced LaTeX Graphics (DPC,SPQR)

(/usr/local/texlive/2017/texmf-dist/tex/latex/graphics/graphics.sty
Package: graphics 2017/04/14 v1.1b Standard LaTeX Graphics (DPC,SPQR)

(/usr/local/texlive/2017/texmf-dist/tex/latex/graphics/trig.sty
Package: trig 2016/01/03 v1.10 sin cos tan (DPC)
)
(/usr/local/texlive/2017/texmf-dist/tex/latex/graphics-cfg/graphics.cfg
File: graphics.cfg 2016/06/04 v1.11 sample graphics configuration
)
Package graphics Info: Driver file: pdftex.def on input line 99.

(/usr/local/texlive/2017/texmf-dist/tex/latex/graphics-def/pdftex.def
File: pdftex.def 2017/01/12 v0.06k Graphics/color for pdfTeX

(/usr/local/texlive/2017/texmf-dist/tex/generic/oberdiek/infwarerr.sty
Package: infwarerr 2016/05/16 v1.4 Providing info/warning/error messages (HO)
)
(/usr/local/texlive/2017/texmf-dist/tex/generic/oberdiek/ltxcmds.sty
Package: ltxcmds 2016/05/16 v1.23 LaTeX kernel commands for general use (HO)
)
\Gread@gobject=\count105
))
\Gin@req@height=\dimen122
\Gin@req@width=\dimen123
)
(/usr/local/texlive/2017/texmf-dist/tex/latex/subfigure/subfigure.sty
Package: subfigure 2002/03/15 v2.1.5 subfigure package
\subfigtopskip=\skip54
\subfigcapskip=\skip55
\subfigcaptopadj=\dimen124
\subfigbottomskip=\skip56
\subfigcapmargin=\dimen125
\subfiglabelskip=\skip57
\c@subfigure=\count106
\c@lofdepth=\count107
\c@subtable=\count108
\c@lotdepth=\count109

****************************************
* Local config file subfigure.cfg used *
****************************************
(/usr/local/texlive/2017/texmf-dist/tex/latex/subfigure/subfigure.cfg)
\subfig@top=\skip58
\subfig@bottom=\skip59
)
(/usr/local/texlive/2017/texmf-dist/tex/latex/booktabs/booktabs.sty
Package: booktabs 2016/04/27 v1.618033 publication quality tables
\heavyrulewidth=\dimen126
\lightrulewidth=\dimen127
\cmidrulewidth=\dimen128
\belowrulesep=\dimen129
\belowbottomsep=\dimen130
\aboverulesep=\dimen131
\abovetopsep=\dimen132
\cmidrulesep=\dimen133
\cmidrulekern=\dimen134
\defaultaddspace=\dimen135
\@cmidla=\count110
\@cmidlb=\count111
\@aboverulesep=\dimen136
\@belowrulesep=\dimen137
\@thisruleclass=\count112
\@lastruleclass=\count113
\@thisrulewidth=\dimen138
)
(/usr/local/texlive/2017/texmf-dist/tex/latex/standalone/standalone.sty
Package: standalone 2015/07/15 v1.2 Package to include TeX sub-files with pream
bles

(/usr/local/texlive/2017/texmf-dist/tex/generic/oberdiek/ifluatex.sty
Package: ifluatex 2016/05/16 v1.4 Provides the ifluatex switch (HO)
Package ifluatex Info: LuaTeX not detected.
)
(/usr/local/texlive/2017/texmf-dist/tex/generic/oberdiek/ifpdf.sty
Package: ifpdf 2017/03/15 v3.2 Provides the ifpdf switch
)
(/usr/local/texlive/2017/texmf-dist/tex/generic/ifxetex/ifxetex.sty
Package: ifxetex 2010/09/12 v0.6 Provides ifxetex conditional
)
(/usr/local/texlive/2017/texmf-dist/tex/latex/xkeyval/xkeyval.sty
Package: xkeyval 2014/12/03 v2.7a package option processing (HA)

(/usr/local/texlive/2017/texmf-dist/tex/generic/xkeyval/xkeyval.tex
(/usr/local/texlive/2017/texmf-dist/tex/generic/xkeyval/xkvutils.tex
\XKV@toks=\toks27
\XKV@tempa@toks=\toks28
)
\XKV@depth=\count114
File: xkeyval.tex 2014/12/03 v2.7a key=value parser (HA)
))
(/usr/local/texlive/2017/texmf-dist/tex/latex/currfile/currfile.sty
Package: currfile 2015/04/23 v0.7c Provides the file path elements of the curre
nt input file

(/usr/local/texlive/2017/texmf-dist/tex/latex/oberdiek/kvoptions.sty
Package: kvoptions 2016/05/16 v3.12 Key value format for package options (HO)

(/usr/local/texlive/2017/texmf-dist/tex/generic/oberdiek/kvsetkeys.sty
Package: kvsetkeys 2016/05/16 v1.17 Key value parser (HO)

(/usr/local/texlive/2017/texmf-dist/tex/generic/oberdiek/etexcmds.sty
Package: etexcmds 2016/05/16 v1.6 Avoid name clashes with e-TeX commands (HO)
Package etexcmds Info: Could not find \expanded.
(etexcmds)             That can mean that you are not using pdfTeX 1.50 or
(etexcmds)             that some package has redefined \expanded.
(etexcmds)             In the latter case, load this package earlier.
)))
(/usr/local/texlive/2017/texmf-dist/tex/latex/filehook/filehook.sty
Package: filehook 2011/10/12 v0.5d Hooks for input files
)
\c@currfiledepth=\count115
)
(/usr/local/texlive/2017/texmf-dist/tex/latex/gincltex/gincltex.sty
(/usr/local/texlive/2017/texmf-dist/tex/latex/svn-prov/svn-prov.sty
Package: svn-prov 2010/04/24 v3.1862 Package Date/Version from SVN Keywords
)
Package: gincltex 2011/09/04 v0.3 Include external LaTeX files like graphics

(/usr/local/texlive/2017/texmf-dist/tex/latex/adjustbox/adjustbox.sty
Package: adjustbox 2012/05/21 v1.0 Adjusting TeX boxes (trim, clip, ...)

(/usr/local/texlive/2017/texmf-dist/tex/latex/adjustbox/adjcalc.sty
Package: adjcalc 2012/05/16 v1.1 Provides advanced setlength with multiple back
-ends (calc, etex, pgfmath)
)
(/usr/local/texlive/2017/texmf-dist/tex/latex/adjustbox/trimclip.sty
Package: trimclip 2012/05/16 v1.0 Trim and clip general TeX material

(/usr/local/texlive/2017/texmf-dist/tex/latex/collectbox/collectbox.sty
Package: collectbox 2012/05/17 v0.4b Collect macro arguments as boxes
\collectedbox=\box28
)
\tc@llx=\dimen139
\tc@lly=\dimen140
\tc@urx=\dimen141
\tc@ury=\dimen142
Package trimclip Info: Using driver 'tc-pdftex.def'.

(/usr/local/texlive/2017/texmf-dist/tex/latex/adjustbox/tc-pdftex.def
File: tc-pdftex.def 2012/05/13 v1.0 Clipping driver for pdftex
))
\adjbox@Width=\dimen143
\adjbox@Height=\dimen144
\adjbox@Depth=\dimen145
\adjbox@Totalheight=\dimen146

(/usr/local/texlive/2017/texmf-dist/tex/latex/ifoddpage/ifoddpage.sty
Package: ifoddpage 2016/04/23 v1.1 Conditionals for odd/even page detection
\c@checkoddpage=\count116
)
(/usr/local/texlive/2017/texmf-dist/tex/latex/varwidth/varwidth.sty
Package: varwidth 2009/03/30 ver 0.92;  Variable-width minipages
\@vwid@box=\box29
\sift@deathcycles=\count117
\@vwid@loff=\dimen147
\@vwid@roff=\dimen148
))
\gincltex@box=\box30
)
(/usr/local/texlive/2017/texmf-dist/tex/latex/filemod/filemod-expmin.sty
Package: filemod-expmin 2011/09/19 v1.2 Get and compare file modification times
 (expandable; minimal)
))
(/usr/local/texlive/2017/texmf-dist/tex/latex/hyperref/hyperref.sty
Package: hyperref 2017/03/14 v6.85a Hypertext links for LaTeX

(/usr/local/texlive/2017/texmf-dist/tex/generic/oberdiek/hobsub-hyperref.sty
Package: hobsub-hyperref 2016/05/16 v1.14 Bundle oberdiek, subset hyperref (HO)


(/usr/local/texlive/2017/texmf-dist/tex/generic/oberdiek/hobsub-generic.sty
Package: hobsub-generic 2016/05/16 v1.14 Bundle oberdiek, subset generic (HO)
Package: hobsub 2016/05/16 v1.14 Construct package bundles (HO)
Package hobsub Info: Skipping package `infwarerr' (already loaded).
Package hobsub Info: Skipping package `ltxcmds' (already loaded).
Package hobsub Info: Skipping package `ifluatex' (already loaded).
Package: ifvtex 2016/05/16 v1.6 Detect VTeX and its facilities (HO)
Package ifvtex Info: VTeX not detected.
Package: intcalc 2016/05/16 v1.2 Expandable calculations with integers (HO)
Package hobsub Info: Skipping package `ifpdf' (already loaded).
Package hobsub Info: Skipping package `etexcmds' (already loaded).
Package hobsub Info: Skipping package `kvsetkeys' (already loaded).
Package: kvdefinekeys 2016/05/16 v1.4 Define keys (HO)
Package: pdftexcmds 2017/03/19 v0.25 Utility functions of pdfTeX for LuaTeX (HO
)
Package pdftexcmds Info: LuaTeX not detected.
Package pdftexcmds Info: \pdf@primitive is available.
Package pdftexcmds Info: \pdf@ifprimitive is available.
Package pdftexcmds Info: \pdfdraftmode found.
Package: pdfescape 2016/05/16 v1.14 Implements pdfTeX's escape features (HO)
Package: bigintcalc 2016/05/16 v1.4 Expandable calculations on big integers (HO
)
Package: bitset 2016/05/16 v1.2 Handle bit-vector datatype (HO)
Package: uniquecounter 2016/05/16 v1.3 Provide unlimited unique counter (HO)
)
Package hobsub Info: Skipping package `hobsub' (already loaded).
Package: letltxmacro 2016/05/16 v1.5 Let assignment for LaTeX macros (HO)
Package: hopatch 2016/05/16 v1.3 Wrapper for package hooks (HO)
Package: xcolor-patch 2016/05/16 xcolor patch
Package: atveryend 2016/05/16 v1.9 Hooks at the very end of document (HO)
Package atveryend Info: \enddocument detected (standard20110627).
Package: atbegshi 2016/06/09 v1.18 At begin shipout hook (HO)
Package: refcount 2016/05/16 v3.5 Data extraction from label references (HO)
Package: hycolor 2016/05/16 v1.8 Color options for hyperref/bookmark (HO)
)
(/usr/local/texlive/2017/texmf-dist/tex/latex/oberdiek/auxhook.sty
Package: auxhook 2016/05/16 v1.4 Hooks for auxiliary files (HO)
)
\@linkdim=\dimen149
\Hy@linkcounter=\count118
\Hy@pagecounter=\count119

(/usr/local/texlive/2017/texmf-dist/tex/latex/hyperref/pd1enc.def
File: pd1enc.def 2017/03/14 v6.85a Hyperref: PDFDocEncoding definition (HO)
)
\Hy@SavedSpaceFactor=\count120

(/usr/local/texlive/2017/texmf-dist/tex/latex/latexconfig/hyperref.cfg
File: hyperref.cfg 2002/06/06 v1.2 hyperref configuration of TeXLive
)
Package hyperref Info: Hyper figures OFF on input line 4498.
Package hyperref Info: Link nesting OFF on input line 4503.
Package hyperref Info: Hyper index ON on input line 4506.
Package hyperref Info: Plain pages OFF on input line 4513.
Package hyperref Info: Backreferencing OFF on input line 4518.
Package hyperref Info: Implicit mode ON; LaTeX internals redefined.
Package hyperref Info: Bookmarks ON on input line 4751.
\c@Hy@tempcnt=\count121

(/usr/local/texlive/2017/texmf-dist/tex/latex/url/url.sty
\Urlmuskip=\muskip11
Package: url 2013/09/16  ver 3.4  Verb mode for urls, etc.
)
LaTeX Info: Redefining \url on input line 5104.
\XeTeXLinkMargin=\dimen150
\Fld@menulength=\count122
\Field@Width=\dimen151
\Fld@charsize=\dimen152
Package hyperref Info: Hyper figures OFF on input line 6358.
Package hyperref Info: Link nesting OFF on input line 6363.
Package hyperref Info: Hyper index ON on input line 6366.
Package hyperref Info: backreferencing OFF on input line 6373.
Package hyperref Info: Link coloring OFF on input line 6378.
Package hyperref Info: Link coloring with OCG OFF on input line 6383.
Package hyperref Info: PDF/A mode OFF on input line 6388.
LaTeX Info: Redefining \ref on input line 6428.
LaTeX Info: Redefining \pageref on input line 6432.
\Hy@abspage=\count123
\c@Item=\count124
\c@Hfootnote=\count125
)

Package hyperref Message: Driver (autodetected): hpdftex.

(/usr/local/texlive/2017/texmf-dist/tex/latex/hyperref/hpdftex.def
File: hpdftex.def 2017/03/14 v6.85a Hyperref driver for pdfTeX
\Fld@listcount=\count126
\c@bookmark@seq@number=\count127

(/usr/local/texlive/2017/texmf-dist/tex/latex/oberdiek/rerunfilecheck.sty
Package: rerunfilecheck 2016/05/16 v1.8 Rerun checks for auxiliary files (HO)
Package uniquecounter Info: New unique counter `rerunfilecheck' on input line 2
82.
)
\Hy@SectionHShift=\skip60
)
(./icml2020.sty
Package: icml2020 2020/12/17 v2.0 ICML Conference Style File
 (/usr/local/texlive/2017/texmf-dist/tex/latex/psnfss/times.sty
Package: times 2005/04/12 PSNFSS-v9.2a (SPQR) 
) (./fancyhdr.sty
\fancy@headwidth=\skip61
\f@ncyO@elh=\skip62
\f@ncyO@erh=\skip63
\f@ncyO@olh=\skip64
\f@ncyO@orh=\skip65
\f@ncyO@elf=\skip66
\f@ncyO@erf=\skip67
\f@ncyO@olf=\skip68
\f@ncyO@orf=\skip69
)
(/usr/local/texlive/2017/texmf-dist/tex/latex/graphics/color.sty
Package: color 2016/07/10 v1.1e Standard LaTeX Color (DPC)

(/usr/local/texlive/2017/texmf-dist/tex/latex/graphics-cfg/color.cfg
File: color.cfg 2016/01/02 v1.6 sample color configuration
)
Package color Info: Driver file: pdftex.def on input line 147.
)
(./algorithm.sty
Package: algorithm 

Document Style `algorithm' - floating environment
(/usr/local/texlive/2017/texmf-dist/tex/latex/float/float.sty
Package: float 2001/11/08 v1.3d Float enhancements (AL)
\c@float@type=\count128
\float@exts=\toks29
\float@box=\box31
\@float@everytoks=\toks30
\@floatcapt=\box32
)
(/usr/local/texlive/2017/texmf-dist/tex/latex/base/ifthen.sty
Package: ifthen 2014/09/29 v1.1c Standard LaTeX ifthen package (DPC)
)
\@float@every@algorithm=\toks31
\c@algorithm=\count129
)
(./algorithmic.sty
Package: algorithmic 

Document Style `algorithmic' - environment
\c@ALC@line=\count130
\c@ALC@rem=\count131
\ALC@tlm=\skip70
) (/usr/local/texlive/2017/texmf-dist/tex/latex/natbib/natbib.sty
Package: natbib 2010/09/13 8.31b (PWD, AO)
\bibhang=\skip71
\bibsep=\skip72
LaTeX Info: Redefining \cite on input line 694.
\c@NAT@ctr=\count132
)
(/usr/local/texlive/2017/texmf-dist/tex/latex/eso-pic/eso-pic.sty
Package: eso-pic 2015/07/21 v2.0g eso-pic (RN)
)
(/usr/local/texlive/2017/texmf-dist/tex/latex/forloop/forloop.sty
Package: forloop 2006/09/18 v3.0 For Loops for LaTeX
)
Package hyperref Info: Option `colorlinks' set `true' on input line 108.
\titrun=\box33
\c@@affiliationcounter=\count133
\c@@affilnum=\count134
\newcaptionbox=\box34
\newcaptionboxwid=\dimen153
\icmlrulerbox=\box35
\icmlrulercount=\count135
\icmlruleroffset=\dimen154
\cv@lineheight=\dimen155
\cv@boxheight=\dimen156
\cv@tmpbox=\box36
\cv@refno=\count136
\cv@tot=\count137
\cv@tmpc@=\count138
\cv@tmpc=\count139
)
(./notation.tex
\c@thm=\count140
\c@lem=\count141
\c@prop=\count142
\c@defn=\count143
\c@condition=\count144
)
(/usr/local/texlive/2017/texmf-dist/tex/latex/arydshln/arydshln.sty
Package: arydshln 2016/04/28 v1.73 
\dashlinedash=\dimen157
\dashlinegap=\dimen158
\adl@box=\box37
\adl@height=\dimen159
\adl@heightsave=\dimen160
\adl@depth=\dimen161
\adl@depthsave=\dimen162
\adl@finaldepth=\dimen163
\adl@columns=\count145
\adl@ncol=\count146
\adl@currentcolumn=\count147
\adl@currentcolumnsave=\count148
\adl@totalheight=\count149
\adl@totalheightsave=\count150
\adl@dash=\count151
\adl@gap=\count152
\adl@cla=\count153
\adl@clb=\count154
\adl@everyvbox=\toks32
\adl@LTpagetotal=\dimen164
)
(/usr/local/texlive/2017/texmf-dist/tex/latex/xcolor/xcolor.sty
Package: xcolor 2016/05/11 v2.12 LaTeX color extensions (UK)

(/usr/local/texlive/2017/texmf-dist/tex/latex/graphics-cfg/color.cfg
File: color.cfg 2016/01/02 v1.6 sample color configuration
)
Package xcolor Info: Driver file: pdftex.def on input line 225.
LaTeX Info: Redefining \color on input line 709.
Package xcolor Info: Model `cmy' substituted by `cmy0' on input line 1348.
Package xcolor Info: Model `hsb' substituted by `rgb' on input line 1352.
Package xcolor Info: Model `RGB' extended on input line 1364.
Package xcolor Info: Model `HTML' substituted by `rgb' on input line 1366.
Package xcolor Info: Model `Hsb' substituted by `hsb' on input line 1367.
Package xcolor Info: Model `tHsb' substituted by `hsb' on input line 1368.
Package xcolor Info: Model `HSB' substituted by `hsb' on input line 1369.
Package xcolor Info: Model `Gray' substituted by `gray' on input line 1370.
Package xcolor Info: Model `wave' substituted by `hsb' on input line 1371.
)
(./DP_rfME_main.aux)
\openout1 = `DP_rfME_main.aux'.

LaTeX Font Info:    Checking defaults for OML/cmm/m/it on input line 44.
LaTeX Font Info:    ... okay on input line 44.
LaTeX Font Info:    Checking defaults for T1/cmr/m/n on input line 44.
LaTeX Font Info:    ... okay on input line 44.
LaTeX Font Info:    Checking defaults for OT1/cmr/m/n on input line 44.
LaTeX Font Info:    ... okay on input line 44.
LaTeX Font Info:    Checking defaults for OMS/cmsy/m/n on input line 44.
LaTeX Font Info:    ... okay on input line 44.
LaTeX Font Info:    Checking defaults for OMX/cmex/m/n on input line 44.
LaTeX Font Info:    ... okay on input line 44.
LaTeX Font Info:    Checking defaults for U/cmr/m/n on input line 44.
LaTeX Font Info:    ... okay on input line 44.
LaTeX Font Info:    Checking defaults for PD1/pdf/m/n on input line 44.
LaTeX Font Info:    ... okay on input line 44.
LaTeX Font Info:    Try loading font information for OT1+ptm on input line 44.

(/usr/local/texlive/2017/texmf-dist/tex/latex/psnfss/ot1ptm.fd
File: ot1ptm.fd 2001/06/04 font definitions for OT1/ptm.
)
LaTeX Info: Redefining \microtypecontext on input line 44.
Package microtype Info: Generating PDF output.
Package microtype Info: Character protrusion enabled (level 2).
Package microtype Info: Using default protrusion set `alltext'.
Package microtype Info: Automatic font expansion enabled (level 2),
(microtype)             stretch: 20, shrink: 20, step: 1, non-selected.
Package microtype Info: Using default expansion set `basictext'.
Package microtype Info: No adjustment of tracking.
Package microtype Info: No adjustment of interword spacing.
Package microtype Info: No adjustment of character kerning.

(/usr/local/texlive/2017/texmf-dist/tex/latex/microtype/mt-ptm.cfg
File: mt-ptm.cfg 2006/04/20 v1.7 microtype config. file: Times (RS)
)
(/usr/local/texlive/2017/texmf-dist/tex/context/base/mkii/supp-pdf.mkii
[Loading MPS to PDF converter (version 2006.09.02).]
\scratchcounter=\count155
\scratchdimen=\dimen165
\scratchbox=\box38
\nofMPsegments=\count156
\nofMParguments=\count157
\everyMPshowfont=\toks33
\MPscratchCnt=\count158
\MPscratchDim=\dimen166
\MPnumerator=\count159
\makeMPintoPDFobject=\count160
\everyMPtoPDFconversion=\toks34
) (/usr/local/texlive/2017/texmf-dist/tex/latex/oberdiek/epstopdf-base.sty
Package: epstopdf-base 2016/05/15 v2.6 Base part for package epstopdf

(/usr/local/texlive/2017/texmf-dist/tex/latex/oberdiek/grfext.sty
Package: grfext 2016/05/16 v1.2 Manage graphics extensions (HO)
)
Package epstopdf-base Info: Redefining graphics rule for `.eps' on input line 4
38.
Package grfext Info: Graphics extension search list:
(grfext)             [.png,.pdf,.jpg,.mps,.jpeg,.jbig2,.jb2,.PNG,.PDF,.JPG,.JPE
G,.JBIG2,.JB2,.eps]
(grfext)             \AppendGraphicsExtensions on input line 456.

(/usr/local/texlive/2017/texmf-dist/tex/latex/latexconfig/epstopdf-sys.cfg
File: epstopdf-sys.cfg 2010/07/13 v1.3 Configuration of (r)epstopdf for TeX Liv
e
))
\AtBeginShipoutBox=\box39
Package hyperref Info: Link coloring ON on input line 44.

(/usr/local/texlive/2017/texmf-dist/tex/latex/hyperref/nameref.sty
Package: nameref 2016/05/21 v2.44 Cross-referencing by name of section

(/usr/local/texlive/2017/texmf-dist/tex/generic/oberdiek/gettitlestring.sty
Package: gettitlestring 2016/05/16 v1.5 Cleanup title references (HO)
)
\c@section@level=\count161
)
LaTeX Info: Redefining \ref on input line 44.
LaTeX Info: Redefining \pageref on input line 44.
LaTeX Info: Redefining \nameref on input line 44.

(./DP_rfME_main.out) (./DP_rfME_main.out)
\@outlinefile=\write3
\openout3 = `DP_rfME_main.out'.



Package hyperref Warning: Token not allowed in a PDF string (PDFDocEncoding):
(hyperref)                removing `\\' on input line 80.

LaTeX Font Info:    Font shape `OT1/ptm/bx/n' in size <9> not available
(Font)              Font shape `OT1/ptm/b/n' tried instead on input line 80.
LaTeX Font Info:    Font shape `OT1/ptm/bx/n' in size <14.4> not available
(Font)              Font shape `OT1/ptm/b/n' tried instead on input line 80.
LaTeX Font Info:    Font shape `OT1/ptm/bx/n' in size <10> not available
(Font)              Font shape `OT1/ptm/b/n' tried instead on input line 80.
\c@@affil@anon=\count162
(/usr/local/texlive/2017/texmf-dist/tex/latex/microtype/mt-cmr.cfg
File: mt-cmr.cfg 2013/05/19 v2.2 microtype config. file: Computer Modern Roman 
(RS)
)
LaTeX Font Info:    Try loading font information for U+msa on input line 80.

(/usr/local/texlive/2017/texmf-dist/tex/latex/amsfonts/umsa.fd
File: umsa.fd 2013/01/14 v3.01 AMS symbols A
)
(/usr/local/texlive/2017/texmf-dist/tex/latex/microtype/mt-msa.cfg
File: mt-msa.cfg 2006/02/04 v1.1 microtype config. file: AMS symbols (a) (RS)
)
LaTeX Font Info:    Try loading font information for U+msb on input line 80.

(/usr/local/texlive/2017/texmf-dist/tex/latex/amsfonts/umsb.fd
File: umsb.fd 2013/01/14 v3.01 AMS symbols B
)
(/usr/local/texlive/2017/texmf-dist/tex/latex/microtype/mt-msb.cfg
File: mt-msb.cfg 2005/06/01 v1.0 microtype config. file: AMS symbols (b) (RS)
)

Package hyperref Warning: Ignoring empty anchor on input line 91.

LaTeX Font Info:    Try loading font information for OML+ptm on input line 91.
(/usr/local/texlive/2017/texmf-dist/tex/latex/psnfss/omlptm.fd
File: omlptm.fd 
)
LaTeX Font Info:    Font shape `OML/ptm/m/n' in size <9> not available
(Font)              Font shape `OML/cmm/m/it' tried instead on input line 91.
LaTeX Font Info:    Font shape `OT1/ptm/bx/n' in size <12> not available
(Font)              Font shape `OT1/ptm/b/n' tried instead on input line 93.


Package xcolor Warning: Incompatible color definition on input line 121.


Package xcolor Warning: Incompatible color definition on input line 121.


Package xcolor Warning: Incompatible color definition on input line 121.


Package xcolor Warning: Incompatible color definition on input line 121.


Package xcolor Warning: Incompatible color definition on input line 121.


Package xcolor Warning: Incompatible color definition on input line 121.


Package xcolor Warning: Incompatible color definition on input line 121.


Package xcolor Warning: Incompatible color definition on input line 121.


Package xcolor Warning: Incompatible color definition on input line 127.


Package xcolor Warning: Incompatible color definition on input line 127.


Package xcolor Warning: Incompatible color definition on input line 131.

Missing character: There is no Ã in font ptmr7t!
Missing character: There is no ¡ in font ptmr7t!

Package xcolor Warning: Incompatible color definition on input line 131.


Package xcolor Warning: Incompatible color definition on input line 136.


Package xcolor Warning: Incompatible color definition on input line 136.


Package xcolor Warning: Incompatible color definition on input line 136.


Package xcolor Warning: Incompatible color definition on input line 140.


Package xcolor Warning: Incompatible color definition on input line 140.


Package xcolor Warning: Incompatible color definition on input line 140.


Package xcolor Warning: Incompatible color definition on input line 140.


Package xcolor Warning: Incompatible color definition on input line 140.


Package xcolor Warning: Incompatible color definition on input line 140.


Package xcolor Warning: Incompatible color definition on input line 156.


Package xcolor Warning: Incompatible color definition on input line 156.


Package xcolor Warning: Incompatible color definition on input line 156.


Package xcolor Warning: Incompatible color definition on input line 156.


Package xcolor Warning: Incompatible color definition on input line 156.


Package xcolor Warning: Incompatible color definition on input line 156.


Package xcolor Warning: Incompatible color definition on input line 156.


Package xcolor Warning: Incompatible color definition on input line 156.


Package xcolor Warning: Incompatible color definition on input line 170.


Package xcolor Warning: Incompatible color definition on input line 170.


Package xcolor Warning: Incompatible color definition on input line 170.


Package xcolor Warning: Incompatible color definition on input line 170.


Underfull \vbox (badness 10000) has occurred while \output is active []

 [1{/usr/local/texlive/2017/texmf-var/fonts/map/pdftex/updmap/pdftex.map}



]

Package xcolor Warning: Incompatible color definition on input line 172.


Package xcolor Warning: Incompatible color definition on input line 172.

LaTeX Font Info:    Try loading font information for OMS+ptm on input line 178.

(/usr/local/texlive/2017/texmf-dist/tex/latex/psnfss/omsptm.fd
File: omsptm.fd 
)
LaTeX Font Info:    Font shape `OMS/ptm/m/n' in size <10> not available
(Font)              Font shape `OMS/cmsy/m/n' tried instead on input line 178.


Package xcolor Warning: Incompatible color definition on input line 178.


Package xcolor Warning: Incompatible color definition on input line 179.


Underfull \hbox (badness 1852) in paragraph at lines 183--184
[]\OT1/ptm/b/n/10 (2) Our al-go-rithm ac-com-mo-dates sev-eral needs in
 []


Package xcolor Warning: Incompatible color definition on input line 203.


Package xcolor Warning: Incompatible color definition on input line 203.


Package xcolor Warning: Incompatible color definition on input line 203.


Package xcolor Warning: Incompatible color definition on input line 242.


Package xcolor Warning: Incompatible color definition on input line 242.


Overfull \hbox (5.79765pt too wide) in paragraph at lines 248--248
[] 
 []

[2]

Package xcolor Warning: Incompatible color definition on input line 294.


Package xcolor Warning: Incompatible color definition on input line 294.


Package xcolor Warning: Incompatible color definition on input line 297.


Package xcolor Warning: Incompatible color definition on input line 297.


Package xcolor Warning: Incompatible color definition on input line 327.


Package xcolor Warning: Incompatible color definition on input line 327.


Package xcolor Warning: Incompatible color definition on input line 349.


Package xcolor Warning: Incompatible color definition on input line 349.


Package xcolor Warning: Incompatible color definition on input line 356.


Package xcolor Warning: Incompatible color definition on input line 356.


Package xcolor Warning: Incompatible color definition on input line 358.


Package xcolor Warning: Incompatible color definition on input line 358.


Package xcolor Warning: Incompatible color definition on input line 366.


Package xcolor Warning: Incompatible color definition on input line 366.


Package xcolor Warning: Incompatible color definition on input line 366.


Package xcolor Warning: Incompatible color definition on input line 366.


Package xcolor Warning: Incompatible color definition on input line 366.


Package xcolor Warning: Incompatible color definition on input line 366.


Package xcolor Warning: Incompatible color definition on input line 366.


Package xcolor Warning: Incompatible color definition on input line 366.


Package xcolor Warning: Incompatible color definition on input line 366.


Package xcolor Warning: Incompatible color definition on input line 366.


Package xcolor Warning: Incompatible color definition on input line 375.


Package xcolor Warning: Incompatible color definition on input line 375.


Package xcolor Warning: Incompatible color definition on input line 375.


Package xcolor Warning: Incompatible color definition on input line 375.


Package xcolor Warning: Incompatible color definition on input line 385.


Package xcolor Warning: Incompatible color definition on input line 385.


Package xcolor Warning: Incompatible color definition on input line 395.


Package xcolor Warning: Incompatible color definition on input line 395.

[3]

Package xcolor Warning: Incompatible color definition on input line 456.


Package xcolor Warning: Incompatible color definition on input line 456.


Package xcolor Warning: Incompatible color definition on input line 456.


Package xcolor Warning: Incompatible color definition on input line 456.


Package xcolor Warning: Incompatible color definition on input line 461.


Package xcolor Warning: Incompatible color definition on input line 461.


Package xcolor Warning: Incompatible color definition on input line 479.


Package xcolor Warning: Incompatible color definition on input line 493.


Package xcolor Warning: Incompatible color definition on input line 496.


Package xcolor Warning: Incompatible color definition on input line 520.


Package xcolor Warning: Incompatible color definition on input line 525.


Package xcolor Warning: Incompatible color definition on input line 525.


Package xcolor Warning: Incompatible color definition on input line 537.


Package xcolor Warning: Incompatible color definition on input line 541.

[4]

Package xcolor Warning: Incompatible color definition on input line 562.


Package xcolor Warning: Incompatible color definition on input line 581.


Package xcolor Warning: Incompatible color definition on input line 581.


Package xcolor Warning: Incompatible color definition on input line 583.


Underfull \hbox (badness 1371) in paragraph at lines 595--596
\OT1/ptm/m/n/10 (+20) vari-ables de-noted by $\OT1/cmr/bx/n/10 x[]$ \OT1/ptm/m/
n/10 (+20) and dis-crete vari-ables de-
 []


Underfull \hbox (badness 3417) in paragraph at lines 597--600
[]\OT1/ptm/m/n/10 (+20) As be-fore, we could use the Gaus-sian ker-nel for
 []


Package xcolor Warning: Incompatible color definition on input line 617.


Package xcolor Warning: Incompatible color definition on input line 617.


Package xcolor Warning: Incompatible color definition on input line 617.


Package xcolor Warning: Incompatible color definition on input line 648.

[5]

Package xcolor Warning: Incompatible color definition on input line 665.


Package xcolor Warning: Incompatible color definition on input line 679.


Package xcolor Warning: Incompatible color definition on input line 679.


Package xcolor Warning: Incompatible color definition on input line 688.


Package xcolor Warning: Incompatible color definition on input line 688.


Package xcolor Warning: Incompatible color definition on input line 688.


Package xcolor Warning: Incompatible color definition on input line 694.


Package xcolor Warning: Incompatible color definition on input line 709.


Package xcolor Warning: Incompatible color definition on input line 709.


Package xcolor Warning: Incompatible color definition on input line 709.


Package xcolor Warning: Incompatible color definition on input line 709.


Package xcolor Warning: Incompatible color definition on input line 709.


Package xcolor Warning: Incompatible color definition on input line 709.


Package xcolor Warning: Incompatible color definition on input line 709.


Package xcolor Warning: Incompatible color definition on input line 709.


Package xcolor Warning: Incompatible color definition on input line 710.


Package xcolor Warning: Incompatible color definition on input line 710.


Package xcolor Warning: Incompatible color definition on input line 710.


Package xcolor Warning: Incompatible color definition on input line 710.


Package xcolor Warning: Incompatible color definition on input line 710.


Package xcolor Warning: Incompatible color definition on input line 710.


Package xcolor Warning: Incompatible color definition on input line 710.


Package xcolor Warning: Incompatible color definition on input line 710.


Package xcolor Warning: Incompatible color definition on input line 710.


Package xcolor Warning: Incompatible color definition on input line 712.


Package xcolor Warning: Incompatible color definition on input line 712.


Package xcolor Warning: Incompatible color definition on input line 712.


Package xcolor Warning: Incompatible color definition on input line 712.


Package xcolor Warning: Incompatible color definition on input line 712.


Package xcolor Warning: Incompatible color definition on input line 712.


Package xcolor Warning: Incompatible color definition on input line 717.


Package xcolor Warning: Incompatible color definition on input line 717.


Package xcolor Warning: Incompatible color definition on input line 720.


Package xcolor Warning: Incompatible color definition on input line 720.


Overfull \hbox (10.6175pt too wide) in paragraph at lines 759--760
 [][] 
 []


LaTeX Warning: `!h' float specifier changed to `!ht'.


Package xcolor Warning: Incompatible color definition on input line 847.


Package xcolor Warning: Incompatible color definition on input line 857.


Package xcolor Warning: Incompatible color definition on input line 857.


Underfull \vbox (badness 2573) has occurred while \output is active []

 [6pdfTeX warning (ext4): destination with the same identifier (name{table.1}) 
has been already used, duplicate ignored

\AtBegShi@Output ...ipout \box \AtBeginShipoutBox 
                                                  \fi \fi 
l.860 
      ]

LaTeX Warning: `!h' float specifier changed to `!ht'.

runsystem(pdflatex -interaction=batchmode -shell-escape -jobname 'figs/mnist_sa
mples_wide' figs/mnist_samples_wide)...disabled (restricted).


Package standalone Warning: Graphic 'figs/mnist_samples_wide.pdf' could not be 
build.
Shell escape activated? on input line 897.

(./figs/mnist_samples_wide.tex

./figs/mnist_samples_wide.tex:29: LaTeX Error: Environment tikzpicture undefine
d.

See the LaTeX manual or LaTeX Companion for explanation.
Type  H <return>  for immediate help.
 ...                                              
                                                  
l.29 \begin{tikzpicture}
                        
? 
./figs/mnist_samples_wide.tex:30: Undefined control sequence.
l.30 \node
          (d0) {\includegraphics[scale=0.4, trim=0 101 0 0, clip, trim=0 101...

? 
<figs/gen_samples/data_digit_plot.png, id=269, 202.356pt x 202.356pt>
File: figs/gen_samples/data_digit_plot.png Graphic file (type png)

<use figs/gen_samples/data_digit_plot.png>
Package pdftex.def Info: figs/gen_samples/data_digit_plot.png used on input lin
e 30.
(pdftex.def)             Requested size: 80.94096pt x 40.39008pt.

./figs/mnist_samples_wide.tex:31: Undefined control sequence.
l.31 \node
          [below=-0.1 of d0] (f0){\includegraphics[scale=0.4, trim=0 101 0 0...

? 
<figs/gen_samples/data_fashion_plot.png, id=272, 202.356pt x 202.356pt>
File: figs/gen_samples/data_fashion_plot.png Graphic file (type png)

<use figs/gen_samples/data_fashion_plot.png>
Package pdftex.def Info: figs/gen_samples/data_fashion_plot.png used on input l
ine 31.
(pdftex.def)             Requested size: 80.94096pt x 40.39008pt.

./figs/mnist_samples_wide.tex:32: Undefined control sequence.
l.32 \node
          [right=-0.1 of d0] (d1) {\includegraphics[scale=0.4, trim=0 101 0 ...

? 
<figs/gen_samples/dp_cgan_digit_plot.png, id=274, 202.356pt x 202.356pt>
File: figs/gen_samples/dp_cgan_digit_plot.png Graphic file (type png)

<use figs/gen_samples/dp_cgan_digit_plot.png>
Package pdftex.def Info: figs/gen_samples/dp_cgan_digit_plot.png used on input 
line 32.
(pdftex.def)             Requested size: 80.94096pt x 40.39008pt.

./figs/mnist_samples_wide.tex:33: Undefined control sequence.
l.33 \node
          [right=-0.1 of f0] (f1){\includegraphics[scale=0.4, trim=0 101 0 0...

? 
<figs/gen_samples/dp_cgan_fashion_plot.png, id=276, 202.356pt x 202.356pt>
File: figs/gen_samples/dp_cgan_fashion_plot.png Graphic file (type png)

<use figs/gen_samples/dp_cgan_fashion_plot.png>
Package pdftex.def Info: figs/gen_samples/dp_cgan_fashion_plot.png used on inpu
t line 33.
(pdftex.def)             Requested size: 80.94096pt x 40.39008pt.

./figs/mnist_samples_wide.tex:34: Undefined control sequence.
l.34 \node
          [right=-0.1 of d1] (d2) {\includegraphics[scale=0.4, trim=0 101 0 ...

? 
<figs/gen_samples/dmnist_direct_plot.png, id=278, 202.356pt x 202.356pt>
File: figs/gen_samples/dmnist_direct_plot.png Graphic file (type png)

<use figs/gen_samples/dmnist_direct_plot.png>
Package pdftex.def Info: figs/gen_samples/dmnist_direct_plot.png used on input 
line 34.
(pdftex.def)             Requested size: 80.94096pt x 40.39008pt.

./figs/mnist_samples_wide.tex:35: Undefined control sequence.
l.35 \node
          [right=-0.1 of f1] (f2)  {\includegraphics[scale=0.4, trim=0 101 0...

? 
<figs/gen_samples/fmnist_direct_plot.png, id=280, 202.356pt x 202.356pt>
File: figs/gen_samples/fmnist_direct_plot.png Graphic file (type png)

<use figs/gen_samples/fmnist_direct_plot.png>
Package pdftex.def Info: figs/gen_samples/fmnist_direct_plot.png used on input 
line 35.
(pdftex.def)             Requested size: 80.94096pt x 40.39008pt.

./figs/mnist_samples_wide.tex:36: Undefined control sequence.
l.36 \node
          [right=-0.1 of d2] (d3) {\includegraphics[scale=0.4, trim=0 101 0 ...

? 
<figs/gen_samples/dp_ae_gmmn_digit_plot.png, id=282, 202.356pt x 202.356pt>
File: figs/gen_samples/dp_ae_gmmn_digit_plot.png Graphic file (type png)

<use figs/gen_samples/dp_ae_gmmn_digit_plot.png>
Package pdftex.def Info: figs/gen_samples/dp_ae_gmmn_digit_plot.png used on inp
ut line 36.
(pdftex.def)             Requested size: 80.94096pt x 40.39008pt.

./figs/mnist_samples_wide.tex:37: Undefined control sequence.
l.37 \node
          [right=-0.1 of f2] (f3)  {\includegraphics[scale=0.4, trim=0 101 0...

? 
<figs/gen_samples/dp_ae_gmmn_fashion_plot.png, id=284, 202.356pt x 202.356pt>
File: figs/gen_samples/dp_ae_gmmn_fashion_plot.png Graphic file (type png)

<use figs/gen_samples/dp_ae_gmmn_fashion_plot.png>
Package pdftex.def Info: figs/gen_samples/dp_ae_gmmn_fashion_plot.png used on i
nput line 37.
(pdftex.def)             Requested size: 80.94096pt x 40.39008pt.

./figs/mnist_samples_wide.tex:38: Undefined control sequence.
l.38 \node
          [anchor=center] at ($(f0.south)-(0.0,0.2)$) {Data Samples};
? 
./figs/mnist_samples_wide.tex:39: Undefined control sequence.
l.39 \node
          [anchor=center] at ($(f1.south)-(0.0,0.2)$) {DP-CGAN};
? 
./figs/mnist_samples_wide.tex:40: Undefined control sequence.
l.40 \node
          [anchor=center] at ($(f2.south)-(0.0,0.2)$) {DP-MERF};
? 
./figs/mnist_samples_wide.tex:41: Undefined control sequence.
l.41 \node
          [anchor=center] at ($(f3.south)-(0.0,0.2)$) {DP-MERF+AE};
? 

./figs/mnist_samples_wide.tex:42: LaTeX Error: \begin{document} on input line 2
8 ended by \end{tikzpicture}.

See the LaTeX manual or LaTeX Companion for explanation.
Type  H <return>  for immediate help.
 ...                                              
                                                  
l.42 \end{tikzpicture}
                      
? 
)
File: figs/mnist_samples_wide.tex Graphic file (type tex)

Overfull \hbox (2267.95815pt too wide) in paragraph at lines 897--898
 [][] 
 []


Package xcolor Warning: Incompatible color definition on input line 906.


Package xcolor Warning: Incompatible color definition on input line 906.


Underfull \vbox (badness 10000) has occurred while \output is active []

 [7pdfTeX warning (ext4): destination with the same identifier (name{table.2}) 
has been already used, duplicate ignored

\AtBegShi@Output ...ipout \box \AtBeginShipoutBox 
                                                  \fi \fi 
l.908 \newpage
              pdfTeX warning (ext4): destination with the same identifier (name
{table.3}) has been already used, duplicate ignored

\AtBegShi@Output ...ipout \box \AtBeginShipoutBox 
                                                  \fi \fi 
l.908 \newpage
              ]

Package natbib Warning: Citation `langley00' undefined on input line 948.

(./DP_rfME_main.bbl
Missing character: There is no â in font ptmr7t!
Missing character: There is no € in font ptmr7t!
Missing character: There is no ™ in font ptmr7t!
Missing character: There is no â in font ptmr7t!
Missing character: There is no € in font ptmr7t!
Missing character: There is no “ in font ptmr7t!
Missing character: There is no Ã in font ptmr7t!
Missing character: There is no ¡ in font ptmr7t!
Missing character: There is no Â in font ptmri7t!
Missing character: There is no ® in font ptmri7t!
 [8pdfTeX warning (ext4): destination with the same identifier (name{table.4}) 
has been already used, duplicate ignored

\AtBegShi@Output ...ipout \box \AtBeginShipoutBox 
                                                  \fi \fi 
l.62   Duverger]{DBLP:conf/sec/FrigerioOGD19}
                                             pdfTeX warning (ext4): destination
 with the same identifier (name{figure.1}) has been already used, duplicate ign
ored

\AtBegShi@Output ...ipout \box \AtBeginShipoutBox 
                                                  \fi \fi 
l.62   Duverger]{DBLP:conf/sec/FrigerioOGD19}
                                              <./figs/gen_samples/data_digit_pl
ot.png> <./figs/gen_samples/data_fashion_plot.png> <./figs/gen_samples/dp_cgan_
digit_plot.png> <./figs/gen_samples/dp_cgan_fashion_plot.png> <./figs/gen_sampl
es/dmnist_direct_plot.png> <./figs/gen_samples/fmnist_direct_plot.png> <./figs/
gen_samples/dp_ae_gmmn_digit_plot.png> <./figs/gen_samples/dp_ae_gmmn_fashion_p
lot.png>]

Package xcolor Warning: Incompatible color definition on input line 90.

LaTeX Font Info:    Try loading font information for OT1+pcr on input line 90.
(/usr/local/texlive/2017/texmf-dist/tex/latex/psnfss/ot1pcr.fd
File: ot1pcr.fd 2001/06/04 font definitions for OT1/pcr.
)
Package microtype Info: Loading generic settings for font family
(microtype)             `pcr' (encoding: OT1).
(microtype)             For optimal results, create family-specific settings.
(microtype)             See the microtype manual for details.
Missing character: There is no â in font ptmr7t!
Missing character: There is no € in font ptmr7t!
Missing character: There is no ™ in font ptmr7t!
Missing character: There is no â in font ptmr7t!
Missing character: There is no € in font ptmr7t!
Missing character: There is no “ in font ptmr7t!
Missing character: There is no Ã in font ptmr7t!
Missing character: There is no ƒ in font ptmr7t!
Missing character: There is no Â in font ptmr7t!
Missing character: There is no © in font ptmr7t!


Package xcolor Warning: Incompatible color definition on input line 129.


Package xcolor Warning: Incompatible color definition on input line 157.

Missing character: There is no â in font ptmr7t!
Missing character: There is no € in font ptmr7t!
Missing character: There is no “ in font ptmr7t!
./DP_rfME_main.bbl:195: Undefined control sequence.
l.195 ...e, H., Beygelzimer, A., d\textquotesingle
                                                  
? 
Missing character: There is no â in font ptmr7t!
Missing character: There is no € in font ptmr7t!
Missing character: There is no ™ in font ptmr7t!
Missing character: There is no â in font ptmr7t!
Missing character: There is no € in font ptmr7t!
Missing character: There is no “ in font ptmr7t!
[9]) (./supplementary.tex [10

]

Package hyperref Warning: Token not allowed in a PDF string (PDFDocEncoding):
(hyperref)                removing `\\' on input line 72.


Package hyperref Warning: Token not allowed in a PDF string (PDFDocEncoding):
(hyperref)                removing `\\' on input line 72.

pdfTeX warning (ext4): destination with the same identifier (name{Hfootnote.4})
 has been already used, duplicate ignored
<to be read again> 
                   \relax 
l.83 ...iliationsAndNotice{\icmlEqualContribution}
                                                   % otherwise use the stand...

LaTeX Font Warning: Font shape `OMS/ptm/bx/n' undefined
(Font)              using `OMS/ptm/m/n' instead
(Font)              for symbol `textbackslash' on input line 83.

LaTeX Font Info:    Font shape `OMS/ptm/m/n' in size <9> not available
(Font)              Font shape `OMS/cmsy/m/n' tried instead on input line 83.

Underfull \hbox (badness 1609) in paragraph at lines 83--83
[][][]|  $[]$\OT1/ptm/m/n/9 (+20) Anonymous In-sti-tu-tion, Anony-mous City, An
ony-mous
 []


Underfull \hbox (badness 10000) in paragraph at lines 83--83
\OT1/ptm/m/n/9 (+20) Re-gion, Anony-mous Coun-try $[]$\OT1/ptm/b/n/9 AUTHORERR:
 Miss-ing
 []


Overfull \hbox (10.44305pt too wide) in paragraph at lines 94--94
[] 
 []

./supplementary.tex:142: Double superscript.
<argument> ...{bmatrix} \hat {\vphi }(\vx '_{con}^
                                                  {(n)}) \nonumber \\ \frac ...
l.142 \end{align}
                  where the list line is because $\vx_{dis}$ is a vector of ...

? 
./supplementary.tex:142: Double superscript.
<argument> ...ac {1}{\sqrt {d_{dis}}} \vx '_{dis}^
                                                  {(n)} \end {bmatrix} \righ...
l.142 \end{align}
                  where the list line is because $\vx_{dis}$ is a vector of ...

? 
./supplementary.tex:142: Double superscript.
<argument> ...{bmatrix} \hat {\vphi }(\vx '_{con}^
                                                  {(n)}) \nonumber \\ \frac ...
l.142 \end{align}
                  where the list line is because $\vx_{dis}$ is a vector of ...

? 
./supplementary.tex:142: Double superscript.
<argument> ...ac {1}{\sqrt {d_{dis}}} \vx '_{dis}^
                                                  {(n)} \end {bmatrix} \righ...
l.142 \end{align}
                  where the list line is because $\vx_{dis}$ is a vector of ...

? 

Overfull \hbox (2.67519pt too wide) in paragraph at lines 142--142
[] 
 []


Underfull \vbox (badness 10000) has occurred while \output is active []


Overfull \hbox (13.8366pt too wide) in paragraph at lines 155--155
[] 
 []

./supplementary.tex:167: Undefined control sequence.
<recently read> \Em 
                    
l.167 	\end{align}
                   for $\alpha \in (1, \infty)$.
? 
./supplementary.tex:167: Undefined control sequence.
<recently read> \Em 
                    
l.167 	\end{align}
                   for $\alpha \in (1, \infty)$.
? 
[11

]
./supplementary.tex:181: Missing $ inserted.
<inserted text> 
                $
l.181 n_
        features good between 100 and 5000, with bathc 0.01 and trained 1000
? 
./supplementary.tex:182: Extra }, or forgotten $.
l.182 ..._batch_arg': 0.05, 'n_features_arg': 500}
                                                  
? 
./supplementary.tex:187: Missing $ inserted.
<inserted text> 
                $
l.187 
      
? 

Overfull \hbox (172.93372pt too wide) in paragraph at lines 179--187
\OT1/ptm/m/n/10 (-20) n$[]\OML/cmm/m/it/10 eaturesgoodbetween\OT1/cmr/m/n/10 10
0\OML/cmm/m/it/10 and\OT1/cmr/m/n/10 5000\OML/cmm/m/it/10 ; withbathc\OT1/cmr/m
/n/10 0\OML/cmm/m/it/10 :\OT1/cmr/m/n/10 01\OML/cmm/m/it/10 andtrained\OT1/cmr/
m/n/10 10000\OML/cmm/m/it/10 :\OT1/cmr/m/n/10 563\OML/cmm/m/it/10 ;[] how[]any[
]pochs[]rg[] \OT1/cmr/m/n/10 :
 []


Underfull \hbox (badness 10000) in paragraph at lines 179--187
\OT1/cmr/m/n/10 1000\OML/cmm/m/it/10 ;[] mini[]atch[]rg[] \OT1/cmr/m/n/10 : 0\O
ML/cmm/m/it/10 :\OT1/cmr/m/n/10 05\OML/cmm/m/it/10 ;[] n[]eatures[]rg[] \OT1/cm
r/m/n/10 :
 []


Underfull \hbox (badness 10000) in paragraph at lines 179--187
\OT1/cmr/m/n/10 500 \OMS/cmsy/m/n/10 ^^C ^^C ^^C ^^C ^^C ^^C ^^C ^^C ^^C ^^C ^^
C ^^C ^^C ^^C ^^C ^^C ^^C
 []


Overfull \hbox (175.28911pt too wide) in paragraph at lines 179--187
\OMS/cmsy/m/n/10 ^^C\OML/cmm/m/it/10 epilepticROConrealtestdatais\OT1/cmr/m/n/1
0 0\OML/cmm/m/it/10 :\OT1/cmr/m/n/10 5569809947080179\OML/cmm/m/it/10 PRConreal
testdatais\OT1/cmr/m/n/10 0\OML/cmm/m/it/10 :\OT1/cmr/m/n/10 2860654400815256$ 

 []

./supplementary.tex:188: Missing $ inserted.
<inserted text> 
                $
l.188 {'how_
            many_epochs_arg': 2000, 'mini_batch_arg': 500, 'n_features_arg':...

? 
./supplementary.tex:188: Extra }, or forgotten $.
l.188 ...i_batch_arg': 500, 'n_features_arg': 500}
                                                  
? 
./supplementary.tex:190: Missing $ inserted.
<inserted text> 
                $
l.190 
      
? 

Underfull \hbox (badness 10000) in paragraph at lines 188--190
[]\OT1/ptm/m/n/10 (+20) 'how$[]\OML/cmm/m/it/10 any[]pochs[]rg[] \OT1/cmr/m/n/1
0 : 2000\OML/cmm/m/it/10 ;[] mini[]atch[]rg[] \OT1/cmr/m/n/10 :
 []

./supplementary.tex:191: Missing $ inserted.
<inserted text> 
                $
l.191 {'how_
            many_epochs_arg': 1000, 'mini_batch_arg': 1000, 'n_features_arg'...

? 
./supplementary.tex:191: Extra }, or forgotten $.
l.191 ...i_batch_arg': 1000, 'n_features_arg': 50}
                                                  
? 
./supplementary.tex:195: Missing $ inserted.
<inserted text> 
                $
l.195 
      
? 

Underfull \hbox (badness 10000) in paragraph at lines 191--195
[]\OT1/ptm/m/n/10 (+20) 'how$[]\OML/cmm/m/it/10 any[]pochs[]rg[] \OT1/cmr/m/n/1
0 :
 []


Underfull \hbox (badness 10000) in paragraph at lines 191--195
\OT1/cmr/m/n/10 1000\OML/cmm/m/it/10 ;[] mini[]atch[]rg[] \OT1/cmr/m/n/10 : 100
0\OML/cmm/m/it/10 ;[] n[]eatures[]rg[] \OT1/cmr/m/n/10 :
 []


Overfull \hbox (50.23372pt too wide) in paragraph at lines 191--195
\OT1/cmr/m/n/10 50\OML/cmm/m/it/10 ROCis\OT1/cmr/m/n/10 0\OML/cmm/m/it/10 :\OT1
/cmr/m/n/10 6571148022863209\OML/cmm/m/it/10 PRCis\OT1/cmr/m/n/10 0\OML/cmm/m/i
t/10 :\OT1/cmr/m/n/10 3312778660464996\OML/cmm/m/it/10 singbest$ 
 []

./supplementary.tex:204: Missing $ inserted.
<inserted text> 
                $
l.204 {'how_
            many_epochs_arg': 2000, 'mini_batch_arg': 0.5, 'n_features_arg':...

? 
./supplementary.tex:204: Extra }, or forgotten $.
l.204 ...i_batch_arg': 0.5, 'n_features_arg': 500}
                                                  
? 
./supplementary.tex:210: Missing $ inserted.
<inserted text> 
                $
l.210 
      
? 

Underfull \hbox (badness 10000) in paragraph at lines 203--210
[]\OT1/ptm/m/n/10 (+20) best sin-gle 'how$[]\OML/cmm/m/it/10 any[]pochs[]rg[] \
OT1/cmr/m/n/10 :
 []


Underfull \hbox (badness 10000) in paragraph at lines 203--210
\OT1/cmr/m/n/10 2000\OML/cmm/m/it/10 ;[] mini[]atch[]rg[] \OT1/cmr/m/n/10 : 0\O
ML/cmm/m/it/10 :\OT1/cmr/m/n/10 5\OML/cmm/m/it/10 ;[] n[]eatures[]rg[] \OT1/cmr
/m/n/10 :
 []


Overfull \hbox (18.72375pt too wide) in paragraph at lines 203--210
\OT1/cmr/m/n/10 500\OML/cmm/m/it/10 ROCis\OT1/cmr/m/n/10 0\OML/cmm/m/it/10 :\OT
1/cmr/m/n/10 9285714285714286\OML/cmm/m/it/10 PRCis\OT1/cmr/m/n/10 0\OML/cmm/m/
it/10 :\OT1/cmr/m/n/10 868984962406015 \OMS/cmsy/m/n/10 ^^C
 []

./supplementary.tex:219: Missing } inserted.
<inserted text> 
                }
l.219 \end{document}
                    
? 
./supplementary.tex:219: Missing } inserted.
<inserted text> 
                }
l.219 \end{document}
                    
? 
./supplementary.tex:219: Missing } inserted.
<inserted text> 
                }
l.219 \end{document}
                    
? 
)

Package natbib Warning: There were undefined citations.

Package atveryend Info: Empty hook `BeforeClearDocument' on input line 965.
[12

]
Package atveryend Info: Empty hook `AfterLastShipout' on input line 965.
 (./DP_rfME_main.aux)
Package atveryend Info: Executing hook `AtVeryEndDocument' on input line 965.
Package atveryend Info: Executing hook `AtEndAfterFileList' on input line 965.
Package rerunfilecheck Info: File `DP_rfME_main.out' has not changed.
(rerunfilecheck)             Checksum: D41D8CD98F00B204E9800998ECF8427E;0.


LaTeX Font Warning: Some font shapes were not available, defaults substituted.

Package atveryend Info: Empty hook `AtVeryVeryEnd' on input line 965.
 ) 
Here is how much of TeX's memory you used:
 12033 strings out of 492995
 180744 string characters out of 6132704
 336215 words of memory out of 5000000
 14946 multiletter control sequences out of 15000+600000
 47546 words of font info for 247 fonts, out of 8000000 for 9000
 1141 hyphenation exceptions out of 8191
 51i,18n,56p,945b,551s stack positions out of 5000i,500n,10000p,200000b,80000s
{/usr/local/texlive/2017/texmf-dist/fonts/enc/dvips/base/8r.enc}</usr/local/t
exlive/2017/texmf-dist/fonts/type1/public/amsfonts/cm/cmbx10.pfb></usr/local/te
xlive/2017/texmf-dist/fonts/type1/public/amsfonts/cm/cmbx12.pfb></usr/local/tex
live/2017/texmf-dist/fonts/type1/public/amsfonts/cm/cmbx5.pfb></usr/local/texli
ve/2017/texmf-dist/fonts/type1/public/amsfonts/cm/cmbx6.pfb></usr/local/texlive
/2017/texmf-dist/fonts/type1/public/amsfonts/cm/cmbx7.pfb></usr/local/texlive/2
017/texmf-dist/fonts/type1/public/amsfonts/cm/cmbx9.pfb></usr/local/texlive/201
7/texmf-dist/fonts/type1/public/amsfonts/cm/cmex10.pfb></usr/local/texlive/2017
/texmf-dist/fonts/type1/public/amsfonts/cmextra/cmex7.pfb></usr/local/texlive/2
017/texmf-dist/fonts/type1/public/amsfonts/cmextra/cmex9.pfb></usr/local/texliv
e/2017/texmf-dist/fonts/type1/public/amsfonts/cm/cmmi10.pfb></usr/local/texlive
/2017/texmf-dist/fonts/type1/public/amsfonts/cm/cmmi5.pfb></usr/local/texlive/2
017/texmf-dist/fonts/type1/public/amsfonts/cm/cmmi6.pfb></usr/local/texlive/201
7/texmf-dist/fonts/type1/public/amsfonts/cm/cmmi7.pfb></usr/local/texlive/2017/
texmf-dist/fonts/type1/public/amsfonts/cm/cmmi8.pfb></usr/local/texlive/2017/te
xmf-dist/fonts/type1/public/amsfonts/cm/cmmi9.pfb></usr/local/texlive/2017/texm
f-dist/fonts/type1/public/amsfonts/cm/cmmib10.pfb></usr/local/texlive/2017/texm
f-dist/fonts/type1/public/amsfonts/cmextra/cmmib5.pfb></usr/local/texlive/2017/
texmf-dist/fonts/type1/public/amsfonts/cmextra/cmmib7.pfb></usr/local/texlive/2
017/texmf-dist/fonts/type1/public/amsfonts/cm/cmr10.pfb></usr/local/texlive/201
7/texmf-dist/fonts/type1/public/amsfonts/cm/cmr5.pfb></usr/local/texlive/2017/t
exmf-dist/fonts/type1/public/amsfonts/cm/cmr6.pfb></usr/local/texlive/2017/texm
f-dist/fonts/type1/public/amsfonts/cm/cmr7.pfb></usr/local/texlive/2017/texmf-d
ist/fonts/type1/public/amsfonts/cm/cmr9.pfb></usr/local/texlive/2017/texmf-dist
/fonts/type1/public/amsfonts/cm/cmsy10.pfb></usr/local/texlive/2017/texmf-dist/
fonts/type1/public/amsfonts/cm/cmsy5.pfb></usr/local/texlive/2017/texmf-dist/fo
nts/type1/public/amsfonts/cm/cmsy6.pfb></usr/local/texlive/2017/texmf-dist/font
s/type1/public/amsfonts/cm/cmsy7.pfb></usr/local/texlive/2017/texmf-dist/fonts/
type1/public/amsfonts/cm/cmsy9.pfb></usr/local/texlive/2017/texmf-dist/fonts/ty
pe1/public/amsfonts/symbols/msbm10.pfb></usr/local/texlive/2017/texmf-dist/font
s/type1/public/amsfonts/symbols/msbm7.pfb></usr/local/texlive/2017/texmf-dist/f
onts/type1/urw/courier/ucrr8a.pfb></usr/local/texlive/2017/texmf-dist/fonts/typ
e1/urw/times/utmb8a.pfb></usr/local/texlive/2017/texmf-dist/fonts/type1/urw/tim
es/utmr8a.pfb></usr/local/texlive/2017/texmf-dist/fonts/type1/urw/times/utmr8a.
pfb></usr/local/texlive/2017/texmf-dist/fonts/type1/urw/times/utmri8a.pfb>
Output written on DP_rfME_main.pdf (12 pages, 965679 bytes).
PDF statistics:
 492 PDF objects out of 1000 (max. 8388607)
 414 compressed objects within 5 object streams
 105 named destinations out of 1000 (max. 500000)
 30297 words of extra memory for PDF output out of 35830 (max. 10000000)

